{"D:\\CareerFoundry-School\\Full-Stack-Immersion\\Project-5-Meet-App\\meet\\src\\App.jsx": {"path":"D:\\CareerFoundry-School\\Full-Stack-Immersion\\Project-5-Meet-App\\meet\\src\\App.jsx","statementMap":{"0":{"start":{"line":6,"column":12},"end":{"line":13,"column":1}},"1":{"start":{"line":7,"column":2},"end":{"line":12,"column":4}}},"fnMap":{"0":{"name":"(anonymous_0)","decl":{"start":{"line":6,"column":12},"end":{"line":6,"column":13}},"loc":{"start":{"line":6,"column":18},"end":{"line":13,"column":1}},"line":6}},"branchMap":{},"s":{"0":1,"1":3},"f":{"0":3},"b":{},"_coverageSchema":"1a1c01bbd47fc00a2c39e90264f33305004495a9","hash":"bbd143c9798d5bb33d2f98f86c8f6c363623eade"}
,"D:\\CareerFoundry-School\\Full-Stack-Immersion\\Project-5-Meet-App\\meet\\src\\api.js": {"path":"D:\\CareerFoundry-School\\Full-Stack-Immersion\\Project-5-Meet-App\\meet\\src\\api.js","statementMap":{"0":{"start":{"line":13,"column":32},"end":{"line":17,"column":1}},"1":{"start":{"line":14,"column":29},"end":{"line":14,"column":66}},"2":{"start":{"line":14,"column":51},"end":{"line":14,"column":65}},"3":{"start":{"line":15,"column":20},"end":{"line":15,"column":52}},"4":{"start":{"line":16,"column":2},"end":{"line":16,"column":19}},"5":{"start":{"line":23,"column":25},"end":{"line":25,"column":1}},"6":{"start":{"line":24,"column":2},"end":{"line":24,"column":18}}},"fnMap":{"0":{"name":"(anonymous_0)","decl":{"start":{"line":13,"column":32},"end":{"line":13,"column":33}},"loc":{"start":{"line":13,"column":44},"end":{"line":17,"column":1}},"line":13},"1":{"name":"(anonymous_1)","decl":{"start":{"line":14,"column":40},"end":{"line":14,"column":41}},"loc":{"start":{"line":14,"column":51},"end":{"line":14,"column":65}},"line":14},"2":{"name":"(anonymous_2)","decl":{"start":{"line":23,"column":25},"end":{"line":23,"column":26}},"loc":{"start":{"line":23,"column":37},"end":{"line":25,"column":1}},"line":23}},"branchMap":{},"s":{"0":2,"1":2,"2":70,"3":2,"4":2,"5":2,"6":3},"f":{"0":2,"1":70,"2":3},"b":{},"_coverageSchema":"1a1c01bbd47fc00a2c39e90264f33305004495a9","hash":"e8ce8a52be5c068a69dda0e24db3a13e7f378fb3"}
,"D:\\CareerFoundry-School\\Full-Stack-Immersion\\Project-5-Meet-App\\meet\\src\\mock-data.js": {"path":"D:\\CareerFoundry-School\\Full-Stack-Immersion\\Project-5-Meet-App\\meet\\src\\mock-data.js","statementMap":{"0":{"start":{"line":3,"column":17},"end":{"line":1439,"column":1}}},"fnMap":{},"branchMap":{},"s":{"0":2},"f":{},"b":{},"_coverageSchema":"1a1c01bbd47fc00a2c39e90264f33305004495a9","hash":"038f5ed6330f85cfd6c49eef849f27f52c2cd5dd"}
,"D:\\CareerFoundry-School\\Full-Stack-Immersion\\Project-5-Meet-App\\meet\\src\\components\\CitySearch.jsx": {"path":"D:\\CareerFoundry-School\\Full-Stack-Immersion\\Project-5-Meet-App\\meet\\src\\components\\CitySearch.jsx","statementMap":{"0":{"start":{"line":4,"column":19},"end":{"line":52,"column":1}},"1":{"start":{"line":5,"column":48},"end":{"line":5,"column":63}},"2":{"start":{"line":6,"column":28},"end":{"line":6,"column":40}},"3":{"start":{"line":7,"column":40},"end":{"line":7,"column":52}},"4":{"start":{"line":9,"column":29},"end":{"line":19,"column":3}},"5":{"start":{"line":10,"column":18},"end":{"line":10,"column":36}},"6":{"start":{"line":11,"column":30},"end":{"line":15,"column":10}},"7":{"start":{"line":13,"column":10},"end":{"line":13,"column":74}},"8":{"start":{"line":17,"column":4},"end":{"line":17,"column":20}},"9":{"start":{"line":18,"column":4},"end":{"line":18,"column":38}},"10":{"start":{"line":20,"column":28},"end":{"line":24,"column":3}},"11":{"start":{"line":21,"column":18},"end":{"line":21,"column":42}},"12":{"start":{"line":22,"column":4},"end":{"line":22,"column":20}},"13":{"start":{"line":23,"column":4},"end":{"line":23,"column":30}},"14":{"start":{"line":26,"column":2},"end":{"line":51,"column":4}},"15":{"start":{"line":33,"column":23},"end":{"line":33,"column":47}},"16":{"start":{"line":39,"column":12},"end":{"line":43,"column":14}}},"fnMap":{"0":{"name":"(anonymous_0)","decl":{"start":{"line":4,"column":19},"end":{"line":4,"column":20}},"loc":{"start":{"line":4,"column":41},"end":{"line":52,"column":1}},"line":4},"1":{"name":"(anonymous_1)","decl":{"start":{"line":9,"column":29},"end":{"line":9,"column":30}},"loc":{"start":{"line":9,"column":40},"end":{"line":19,"column":3}},"line":9},"2":{"name":"(anonymous_2)","decl":{"start":{"line":12,"column":28},"end":{"line":12,"column":29}},"loc":{"start":{"line":12,"column":42},"end":{"line":14,"column":9}},"line":12},"3":{"name":"(anonymous_3)","decl":{"start":{"line":20,"column":28},"end":{"line":20,"column":29}},"loc":{"start":{"line":20,"column":39},"end":{"line":24,"column":3}},"line":20},"4":{"name":"(anonymous_4)","decl":{"start":{"line":33,"column":17},"end":{"line":33,"column":18}},"loc":{"start":{"line":33,"column":23},"end":{"line":33,"column":47}},"line":33},"5":{"name":"(anonymous_5)","decl":{"start":{"line":38,"column":27},"end":{"line":38,"column":28}},"loc":{"start":{"line":38,"column":43},"end":{"line":44,"column":11}},"line":38}},"branchMap":{"0":{"loc":{"start":{"line":11,"column":30},"end":{"line":15,"column":10}},"type":"cond-expr","locations":[{"start":{"line":12,"column":8},"end":{"line":14,"column":10}},{"start":{"line":15,"column":8},"end":{"line":15,"column":10}}],"line":11},"1":{"loc":{"start":{"line":36,"column":7},"end":{"line":49,"column":14}},"type":"cond-expr","locations":[{"start":{"line":37,"column":8},"end":{"line":48,"column":13}},{"start":{"line":49,"column":10},"end":{"line":49,"column":14}}],"line":36}},"s":{"0":2,"1":26,"2":26,"3":26,"4":26,"5":12,"6":12,"7":24,"8":12,"9":12,"10":26,"11":1,"12":1,"13":1,"14":26,"15":3,"16":12},"f":{"0":26,"1":12,"2":24,"3":1,"4":3,"5":12},"b":{"0":[12,0],"1":[15,11]},"_coverageSchema":"1a1c01bbd47fc00a2c39e90264f33305004495a9","hash":"f4fd75cad5fcf6334d6a963caa59446ca67b1cee"}
,"D:\\CareerFoundry-School\\Full-Stack-Immersion\\Project-5-Meet-App\\meet\\src\\components\\Event.jsx": {"path":"D:\\CareerFoundry-School\\Full-Stack-Immersion\\Project-5-Meet-App\\meet\\src\\components\\Event.jsx","statementMap":{"0":{"start":{"line":4,"column":14},"end":{"line":6,"column":1}},"1":{"start":{"line":5,"column":2},"end":{"line":5,"column":19}}},"fnMap":{"0":{"name":"(anonymous_0)","decl":{"start":{"line":4,"column":14},"end":{"line":4,"column":15}},"loc":{"start":{"line":4,"column":20},"end":{"line":6,"column":1}},"line":4}},"branchMap":{},"s":{"0":3,"1":35},"f":{"0":35},"b":{},"_coverageSchema":"1a1c01bbd47fc00a2c39e90264f33305004495a9","hash":"2fa58968aff0dc13d1a3fe04db912961aad2f128"}
,"D:\\CareerFoundry-School\\Full-Stack-Immersion\\Project-5-Meet-App\\meet\\src\\components\\EventList.jsx": {"path":"D:\\CareerFoundry-School\\Full-Stack-Immersion\\Project-5-Meet-App\\meet\\src\\components\\EventList.jsx","statementMap":{"0":{"start":{"line":5,"column":18},"end":{"line":13,"column":1}},"1":{"start":{"line":6,"column":2},"end":{"line":12,"column":4}},"2":{"start":{"line":9,"column":32},"end":{"line":9,"column":70}}},"fnMap":{"0":{"name":"(anonymous_0)","decl":{"start":{"line":5,"column":18},"end":{"line":5,"column":19}},"loc":{"start":{"line":5,"column":34},"end":{"line":13,"column":1}},"line":5},"1":{"name":"(anonymous_1)","decl":{"start":{"line":9,"column":21},"end":{"line":9,"column":22}},"loc":{"start":{"line":9,"column":32},"end":{"line":9,"column":70}},"line":9}},"branchMap":{"0":{"loc":{"start":{"line":8,"column":7},"end":{"line":10,"column":14}},"type":"cond-expr","locations":[{"start":{"line":9,"column":10},"end":{"line":9,"column":71}},{"start":{"line":10,"column":10},"end":{"line":10,"column":14}}],"line":8}},"s":{"0":2,"1":6,"2":35},"f":{"0":6,"1":35},"b":{"0":[1,5]},"_coverageSchema":"1a1c01bbd47fc00a2c39e90264f33305004495a9","hash":"fc193a4c373b11b1e563b83f0d5eb0e2a0cf2e22"}
}
