TN:
SF:src\App.jsx
FN:6,(anonymous_0)
FNF:1
FNH:1
FNDA:3,(anonymous_0)
DA:6,1
DA:7,3
LF:2
LH:2
BRF:0
BRH:0
end_of_record
TN:
SF:src\api.js
FN:13,(anonymous_0)
FN:14,(anonymous_1)
FN:23,(anonymous_2)
FNF:3
FNH:3
FNDA:2,(anonymous_0)
FNDA:70,(anonymous_1)
FNDA:3,(anonymous_2)
DA:13,2
DA:14,70
DA:15,2
DA:16,2
DA:23,2
DA:24,3
LF:6
LH:6
BRF:0
BRH:0
end_of_record
TN:
SF:src\mock-data.js
FNF:0
FNH:0
DA:3,2
LF:1
LH:1
BRF:0
BRH:0
end_of_record
TN:
SF:src\components\CitySearch.jsx
FN:4,(anonymous_0)
FN:9,(anonymous_1)
FN:12,(anonymous_2)
FN:20,(anonymous_3)
FN:33,(anonymous_4)
FN:38,(anonymous_5)
FNF:6
FNH:6
FNDA:26,(anonymous_0)
FNDA:12,(anonymous_1)
FNDA:24,(anonymous_2)
FNDA:1,(anonymous_3)
FNDA:3,(anonymous_4)
FNDA:12,(anonymous_5)
DA:4,2
DA:5,26
DA:6,26
DA:7,26
DA:9,26
DA:10,12
DA:11,12
DA:13,24
DA:17,12
DA:18,12
DA:20,26
DA:21,1
DA:22,1
DA:23,1
DA:26,26
DA:33,3
DA:39,12
LF:17
LH:17
BRDA:11,0,0,12
BRDA:11,0,1,0
BRDA:36,1,0,15
BRDA:36,1,1,11
BRF:4
BRH:3
end_of_record
TN:
SF:src\components\Event.jsx
FN:4,(anonymous_0)
FNF:1
FNH:1
FNDA:35,(anonymous_0)
DA:4,3
DA:5,35
LF:2
LH:2
BRF:0
BRH:0
end_of_record
TN:
SF:src\components\EventList.jsx
FN:5,(anonymous_0)
FN:9,(anonymous_1)
FNF:2
FNH:2
FNDA:6,(anonymous_0)
FNDA:35,(anonymous_1)
DA:5,2
DA:6,6
DA:9,35
LF:3
LH:3
BRDA:8,0,0,1
BRDA:8,0,1,5
BRF:2
BRH:2
end_of_record
